2020-09-18 22:49:23.270 ERROR LAPTOP-OLKL11B1 --- [  restartedMain] .boot.logging.LoggingApplicationListener->setLogLevel : Cannot set level: INFO    for 'org.springframework.web.FilterChainProxy'
2020-09-18 22:49:23.488  INFO LAPTOP-OLKL11B1 --- [  restartedMain] com.example.SpringbootTilesApplication  ->logStarting : Starting SpringbootTilesApplication on LAPTOP-OLKL11B1 with PID 3780 (started by Harshad in F:\Programming Data\CodingData\Workspaces\spring-tool-suite-4-4.6.0.RELEASE\cair_event\springboot-tiles)
2020-09-18 22:49:23.489 DEBUG LAPTOP-OLKL11B1 --- [  restartedMain] com.example.SpringbootTilesApplication  ->logStarting : Running with Spring Boot v1.5.1.RELEASE, Spring v4.3.6.RELEASE
2020-09-18 22:49:23.490  INFO LAPTOP-OLKL11B1 --- [  restartedMain] com.example.SpringbootTilesApplication  ->logStartupProfileInfo : No active profile set, falling back to default profiles: default
2020-09-18 22:49:23.687  INFO LAPTOP-OLKL11B1 --- [  restartedMain] ationConfigEmbeddedWebApplicationContext->prepareRefresh : Refreshing org.springframework.boot.context.embedded.AnnotationConfigEmbeddedWebApplicationContext@152a3dd4: startup date [Fri Sep 18 22:49:23 IST 2020]; root of context hierarchy
2020-09-18 22:49:25.054  INFO LAPTOP-OLKL11B1 --- [kground-preinit] ibernate.validator.internal.util.Version-><clinit> : HV000001: Hibernate Validator 5.3.4.Final
2020-09-18 22:49:26.880  INFO LAPTOP-OLKL11B1 --- [  restartedMain] trationDelegate$BeanPostProcessorChecker->postProcessAfterInitialization : Bean 'org.springframework.boot.autoconfigure.validation.ValidationAutoConfiguration' of type [class org.springframework.boot.autoconfigure.validation.ValidationAutoConfiguration] is not eligible for getting processed by all BeanPostProcessors (for example: not eligible for auto-proxying)
2020-09-18 22:49:26.946  INFO LAPTOP-OLKL11B1 --- [  restartedMain] trationDelegate$BeanPostProcessorChecker->postProcessAfterInitialization : Bean 'validator' of type [class org.springframework.validation.beanvalidation.LocalValidatorFactoryBean] is not eligible for getting processed by all BeanPostProcessors (for example: not eligible for auto-proxying)
2020-09-18 22:49:26.976  INFO LAPTOP-OLKL11B1 --- [  restartedMain] trationDelegate$BeanPostProcessorChecker->postProcessAfterInitialization : Bean 'org.springframework.transaction.annotation.ProxyTransactionManagementConfiguration' of type [class org.springframework.transaction.annotation.ProxyTransactionManagementConfiguration$$EnhancerBySpringCGLIB$$e35b782] is not eligible for getting processed by all BeanPostProcessors (for example: not eligible for auto-proxying)
2020-09-18 22:49:27.582  INFO LAPTOP-OLKL11B1 --- [  restartedMain] ed.tomcat.TomcatEmbeddedServletContainer->initialize : Tomcat initialized with port(s): 8080 (http)
2020-09-18 22:49:27.616  INFO LAPTOP-OLKL11B1 --- [  restartedMain] org.apache.catalina.core.StandardService->log : Starting service Tomcat
2020-09-18 22:49:27.618  INFO LAPTOP-OLKL11B1 --- [  restartedMain] org.apache.catalina.core.StandardEngine ->log : Starting Servlet Engine: Apache Tomcat/8.5.11
2020-09-18 22:49:28.190  INFO LAPTOP-OLKL11B1 --- [ost-startStop-1] org.apache.jasper.servlet.TldScanner    ->log : At least one JAR was scanned for TLDs yet contained no TLDs. Enable debug logging for this logger for a complete list of JARs that were scanned but no TLDs were found in them. Skipping unneeded JARs during scanning can improve startup time and JSP compilation time.
2020-09-18 22:49:28.198  INFO LAPTOP-OLKL11B1 --- [ost-startStop-1] e.ContainerBase.[Tomcat].[localhost].[/]->log : Initializing Spring embedded WebApplicationContext
2020-09-18 22:49:28.199  INFO LAPTOP-OLKL11B1 --- [ost-startStop-1] pringframework.web.context.ContextLoader->prepareEmbeddedWebApplicationContext : Root WebApplicationContext: initialization completed in 4516 ms
2020-09-18 22:49:28.515  INFO LAPTOP-OLKL11B1 --- [ost-startStop-1] .boot.web.servlet.FilterRegistrationBean->configure : Mapping filter: 'errorPageFilter' to: [/*]
2020-09-18 22:49:28.516  INFO LAPTOP-OLKL11B1 --- [ost-startStop-1] .boot.web.servlet.FilterRegistrationBean->configure : Mapping filter: 'characterEncodingFilter' to: [/*]
2020-09-18 22:49:28.517  INFO LAPTOP-OLKL11B1 --- [ost-startStop-1] .boot.web.servlet.FilterRegistrationBean->configure : Mapping filter: 'hiddenHttpMethodFilter' to: [/*]
2020-09-18 22:49:28.517  INFO LAPTOP-OLKL11B1 --- [ost-startStop-1] .boot.web.servlet.FilterRegistrationBean->configure : Mapping filter: 'httpPutFormContentFilter' to: [/*]
2020-09-18 22:49:28.517  INFO LAPTOP-OLKL11B1 --- [ost-startStop-1] .boot.web.servlet.FilterRegistrationBean->configure : Mapping filter: 'requestContextFilter' to: [/*]
2020-09-18 22:49:28.520  INFO LAPTOP-OLKL11B1 --- [ost-startStop-1] et.DelegatingFilterProxyRegistrationBean->configure : Mapping filter: 'springSecurityFilterChain' to: [/*]
2020-09-18 22:49:28.521  INFO LAPTOP-OLKL11B1 --- [ost-startStop-1] boot.web.servlet.ServletRegistrationBean->onStartup : Mapping servlet: 'dispatcherServlet' to [/]
2020-09-18 22:49:30.583  INFO LAPTOP-OLKL11B1 --- [  restartedMain] mple.configuration.SecurityConfiguration->configure : role based configuration
2020-09-18 22:49:30.617  INFO LAPTOP-OLKL11B1 --- [  restartedMain] .security.web.DefaultSecurityFilterChain-><init> : Creating filter chain: Ant [pattern='/api/public/**'], []
2020-09-18 22:49:30.617  INFO LAPTOP-OLKL11B1 --- [  restartedMain] .security.web.DefaultSecurityFilterChain-><init> : Creating filter chain: Ant [pattern='/resources/**'], []
2020-09-18 22:49:30.618  INFO LAPTOP-OLKL11B1 --- [  restartedMain] .security.web.DefaultSecurityFilterChain-><init> : Creating filter chain: Ant [pattern='/static/images/**'], []
2020-09-18 22:49:30.618  INFO LAPTOP-OLKL11B1 --- [  restartedMain] .security.web.DefaultSecurityFilterChain-><init> : Creating filter chain: Ant [pattern='/error'], []
2020-09-18 22:49:30.755  INFO LAPTOP-OLKL11B1 --- [  restartedMain] .security.web.DefaultSecurityFilterChain-><init> : Creating filter chain: org.springframework.security.web.util.matcher.AnyRequestMatcher@1, [org.springframework.security.web.context.request.async.WebAsyncManagerIntegrationFilter@3aaf74e8, org.springframework.security.web.context.SecurityContextPersistenceFilter@194756e1, org.springframework.security.web.header.HeaderWriterFilter@5e36c7ef, org.springframework.security.web.csrf.CsrfFilter@4e7e3d0c, org.springframework.security.web.authentication.logout.LogoutFilter@aa2458e, org.springframework.security.web.authentication.UsernamePasswordAuthenticationFilter@766ffc0a, org.springframework.security.web.savedrequest.RequestCacheAwareFilter@7120cbc2, org.springframework.security.web.servletapi.SecurityContextHolderAwareRequestFilter@100ac2b4, org.springframework.security.web.authentication.AnonymousAuthenticationFilter@14001ba2, org.springframework.security.web.session.SessionManagementFilter@3fd971fc, org.springframework.security.web.access.ExceptionTranslationFilter@6301dec0, org.springframework.security.web.access.intercept.FilterSecurityInterceptor@482ec6c9]
2020-09-18 22:49:31.065  INFO LAPTOP-OLKL11B1 --- [  restartedMain] org.apache.tiles.access.TilesAccess     ->setContainer : Publishing TilesContext for context: org.springframework.web.servlet.view.tiles3.SpringWildcardServletTilesApplicationContext
2020-09-18 22:49:31.231  INFO LAPTOP-OLKL11B1 --- [  restartedMain] .annotation.RequestMappingHandlerAdapter->initControllerAdviceCache : Looking for @ControllerAdvice: org.springframework.boot.context.embedded.AnnotationConfigEmbeddedWebApplicationContext@152a3dd4: startup date [Fri Sep 18 22:49:23 IST 2020]; root of context hierarchy
2020-09-18 22:49:31.335  INFO LAPTOP-OLKL11B1 --- [  restartedMain] .annotation.RequestMappingHandlerMapping->register : Mapped "{[/admin/panel/registration],methods=[GET]}" onto public java.lang.String com.example.controller.AdminUserController.registration(org.springframework.ui.Model)
2020-09-18 22:49:31.337  INFO LAPTOP-OLKL11B1 --- [  restartedMain] .annotation.RequestMappingHandlerMapping->register : Mapped "{[/admin/panel/registration],methods=[POST]}" onto public java.lang.String com.example.controller.AdminUserController.registration(com.example.model.User,org.springframework.validation.BindingResult)
2020-09-18 22:49:31.338  INFO LAPTOP-OLKL11B1 --- [  restartedMain] .annotation.RequestMappingHandlerMapping->register : Mapped "{[/admin/panel/login],methods=[GET]}" onto public java.lang.String com.example.controller.AdminUserController.login(org.springframework.ui.Model,java.lang.String,java.lang.String)
2020-09-18 22:49:31.339  INFO LAPTOP-OLKL11B1 --- [  restartedMain] .annotation.RequestMappingHandlerMapping->register : Mapped "{[/ || /home],methods=[GET]}" onto public org.springframework.web.servlet.ModelAndView com.example.controller.DashboardController.gridViewEvent(java.lang.String)
2020-09-18 22:49:31.342  INFO LAPTOP-OLKL11B1 --- [  restartedMain] .annotation.RequestMappingHandlerMapping->register : Mapped "{[/createEvent],methods=[POST]}" onto public org.springframework.web.servlet.ModelAndView com.example.controller.EventController.createEvent(javax.servlet.http.HttpServletRequest,com.example.model.Event)
2020-09-18 22:49:31.343  INFO LAPTOP-OLKL11B1 --- [  restartedMain] .annotation.RequestMappingHandlerMapping->register : Mapped "{[/updateEvent],methods=[POST]}" onto public org.springframework.web.servlet.ModelAndView com.example.controller.EventController.updateEvent(javax.servlet.http.HttpServletRequest,com.example.model.Event)
2020-09-18 22:49:31.344  INFO LAPTOP-OLKL11B1 --- [  restartedMain] .annotation.RequestMappingHandlerMapping->register : Mapped "{[/deleteEvent/{id}],methods=[GET]}" onto public org.springframework.web.servlet.ModelAndView com.example.controller.EventController.deleteEvent(long)
2020-09-18 22:49:31.344  INFO LAPTOP-OLKL11B1 --- [  restartedMain] .annotation.RequestMappingHandlerMapping->register : Mapped "{[/deleteEventImage/{id}/{imageId}],methods=[GET]}" onto public org.springframework.web.servlet.ModelAndView com.example.controller.EventController.deleteEventImage(long,long)
2020-09-18 22:49:31.345  INFO LAPTOP-OLKL11B1 --- [  restartedMain] .annotation.RequestMappingHandlerMapping->register : Mapped "{[/getEvent/{id}],methods=[GET]}" onto public org.springframework.web.servlet.ModelAndView com.example.controller.EventController.getEvent(long,java.lang.String)
2020-09-18 22:49:31.346  INFO LAPTOP-OLKL11B1 --- [  restartedMain] .annotation.RequestMappingHandlerMapping->register : Mapped "{[/createEvent],methods=[GET]}" onto public java.lang.String com.example.controller.EventController.getEvent(org.springframework.ui.Model)
2020-09-18 22:49:31.346  INFO LAPTOP-OLKL11B1 --- [  restartedMain] .annotation.RequestMappingHandlerMapping->register : Mapped "{[/gridViewEvent],methods=[GET]}" onto public org.springframework.web.servlet.ModelAndView com.example.controller.EventController.gridViewEvent(java.lang.String)
2020-09-18 22:49:31.348  INFO LAPTOP-OLKL11B1 --- [  restartedMain] .annotation.RequestMappingHandlerMapping->register : Mapped "{[/error]}" onto public java.lang.String com.example.controller.MyErrorController.handleError(javax.servlet.http.HttpServletRequest)
2020-09-18 22:49:31.351  INFO LAPTOP-OLKL11B1 --- [  restartedMain] .annotation.RequestMappingHandlerMapping->register : Mapped "{[/updateSpecialityCaptcha],methods=[POST]}" onto public org.springframework.web.servlet.ModelAndView com.example.controller.SpecialityCaptchaController.updateSpecialityCaptcha(javax.servlet.http.HttpServletRequest,com.example.model.SpecialityCaptcha,org.springframework.validation.BindingResult)
2020-09-18 22:49:31.351  INFO LAPTOP-OLKL11B1 --- [  restartedMain] .annotation.RequestMappingHandlerMapping->register : Mapped "{[/getSpecialityCaptcha/{id}],methods=[GET]}" onto public org.springframework.web.servlet.ModelAndView com.example.controller.SpecialityCaptchaController.getSpecialityCaptcha(long)
2020-09-18 22:49:31.352  INFO LAPTOP-OLKL11B1 --- [  restartedMain] .annotation.RequestMappingHandlerMapping->register : Mapped "{[/gridViewSpecialityCaptcha],methods=[GET]}" onto public org.springframework.web.servlet.ModelAndView com.example.controller.SpecialityCaptchaController.gridViewSpecialityCaptcha(java.lang.String)
2020-09-18 22:49:31.353  INFO LAPTOP-OLKL11B1 --- [  restartedMain] .annotation.RequestMappingHandlerMapping->register : Mapped "{[/deleteSpecialityCaptcha/{id}],methods=[GET]}" onto public org.springframework.web.servlet.ModelAndView com.example.controller.SpecialityCaptchaController.deleteSpecialityCaptcha(long)
2020-09-18 22:49:31.353  INFO LAPTOP-OLKL11B1 --- [  restartedMain] .annotation.RequestMappingHandlerMapping->register : Mapped "{[/createSpecialityCaptcha],methods=[GET]}" onto public java.lang.String com.example.controller.SpecialityCaptchaController.getCreateSpecialityCaptchat(org.springframework.ui.Model)
2020-09-18 22:49:31.354  INFO LAPTOP-OLKL11B1 --- [  restartedMain] .annotation.RequestMappingHandlerMapping->register : Mapped "{[/createSpecialityCaptcha],methods=[POST]}" onto public org.springframework.web.servlet.ModelAndView com.example.controller.SpecialityCaptchaController.createSpecialityCaptcha(javax.servlet.http.HttpServletRequest,com.example.model.SpecialityCaptcha,org.springframework.validation.BindingResult)
2020-09-18 22:49:31.356  INFO LAPTOP-OLKL11B1 --- [  restartedMain] .annotation.RequestMappingHandlerMapping->register : Mapped "{[/createSpeciality],methods=[GET]}" onto public java.lang.String com.example.controller.SpecialityController.getSpeciality(org.springframework.ui.Model)
2020-09-18 22:49:31.357  INFO LAPTOP-OLKL11B1 --- [  restartedMain] .annotation.RequestMappingHandlerMapping->register : Mapped "{[/createSpeciality],methods=[POST]}" onto public org.springframework.web.servlet.ModelAndView com.example.controller.SpecialityController.createSpeciality(com.example.model.Speciality,org.springframework.validation.BindingResult)
2020-09-18 22:49:31.357  INFO LAPTOP-OLKL11B1 --- [  restartedMain] .annotation.RequestMappingHandlerMapping->register : Mapped "{[/updateSpeciality],methods=[POST]}" onto public org.springframework.web.servlet.ModelAndView com.example.controller.SpecialityController.updateSpeciality(com.example.model.Speciality,org.springframework.validation.BindingResult)
2020-09-18 22:49:31.358  INFO LAPTOP-OLKL11B1 --- [  restartedMain] .annotation.RequestMappingHandlerMapping->register : Mapped "{[/gridViewSpeciality],methods=[GET]}" onto public org.springframework.web.servlet.ModelAndView com.example.controller.SpecialityController.gridViewSpeciality(java.lang.String)
2020-09-18 22:49:31.359  INFO LAPTOP-OLKL11B1 --- [  restartedMain] .annotation.RequestMappingHandlerMapping->register : Mapped "{[/deleteSpeciality/{id}],methods=[GET]}" onto public org.springframework.web.servlet.ModelAndView com.example.controller.SpecialityController.deleteSpecialityId(long)
2020-09-18 22:49:31.359  INFO LAPTOP-OLKL11B1 --- [  restartedMain] .annotation.RequestMappingHandlerMapping->register : Mapped "{[/getSpeciality/{id}],methods=[GET]}" onto public org.springframework.web.servlet.ModelAndView com.example.controller.SpecialityController.getSpecialityById(long)
2020-09-18 22:49:31.368  INFO LAPTOP-OLKL11B1 --- [  restartedMain] .annotation.RequestMappingHandlerMapping->register : Mapped "{[/api/public/speciality],methods=[GET],produces=[application/json]}" onto public org.springframework.http.ResponseEntity<com.example.model.StandardResponse> com.example.rest.controller.PublicRestApiController.findAll() throws java.lang.Exception
2020-09-18 22:49:31.370  INFO LAPTOP-OLKL11B1 --- [  restartedMain] .annotation.RequestMappingHandlerMapping->register : Mapped "{[/api/public/events],methods=[GET],produces=[application/json]}" onto public org.springframework.http.ResponseEntity<com.example.model.StandardResponse> com.example.rest.controller.PublicRestApiController.getEvents(java.lang.String,java.lang.String) throws java.lang.Exception
2020-09-18 22:49:31.371  INFO LAPTOP-OLKL11B1 --- [  restartedMain] .annotation.RequestMappingHandlerMapping->register : Mapped "{[/api/public/shareEvent],methods=[POST],consumes=[application/json],produces=[application/json]}" onto public org.springframework.http.ResponseEntity<com.example.model.StandardResponse> com.example.rest.controller.PublicRestApiController.createShareEvent(com.example.model.ClientEventShare)
2020-09-18 22:49:31.372  INFO LAPTOP-OLKL11B1 --- [  restartedMain] .annotation.RequestMappingHandlerMapping->register : Mapped "{[/api/public/specialityCaptcha],methods=[GET],produces=[application/json]}" onto public org.springframework.http.ResponseEntity<com.example.model.StandardResponse> com.example.rest.controller.PublicRestApiController.getSpecialityCaptcha(java.lang.Long) throws java.lang.Exception
2020-09-18 22:49:31.373  INFO LAPTOP-OLKL11B1 --- [  restartedMain] .annotation.RequestMappingHandlerMapping->register : Mapped "{[/api/public/client/registration/{id}],methods=[GET],produces=[application/json]}" onto public org.springframework.http.ResponseEntity<com.example.model.StandardResponse> com.example.rest.controller.PublicRestApiController.createClientRegistration(long) throws java.lang.Exception
2020-09-18 22:49:31.374  INFO LAPTOP-OLKL11B1 --- [  restartedMain] .annotation.RequestMappingHandlerMapping->register : Mapped "{[/api/public/client/registration],methods=[POST],consumes=[application/json],produces=[application/json]}" onto public org.springframework.http.ResponseEntity<com.example.model.StandardResponse> com.example.rest.controller.PublicRestApiController.createClientRegistration(com.example.model.ClientRegistration)
2020-09-18 22:49:31.435  INFO LAPTOP-OLKL11B1 --- [  restartedMain] .servlet.handler.SimpleUrlHandlerMapping->registerHandler : Mapped URL path [/webjars/**] onto handler of type [class org.springframework.web.servlet.resource.ResourceHttpRequestHandler]
2020-09-18 22:49:31.436  INFO LAPTOP-OLKL11B1 --- [  restartedMain] .servlet.handler.SimpleUrlHandlerMapping->registerHandler : Mapped URL path [/**] onto handler of type [class org.springframework.web.servlet.resource.ResourceHttpRequestHandler]
2020-09-18 22:49:31.505  INFO LAPTOP-OLKL11B1 --- [  restartedMain] .servlet.handler.SimpleUrlHandlerMapping->registerHandler : Mapped URL path [/**/favicon.ico] onto handler of type [class org.springframework.web.servlet.resource.ResourceHttpRequestHandler]
2020-09-18 22:49:32.206  INFO LAPTOP-OLKL11B1 --- [  restartedMain] s.autoconfigure.OptionalLiveReloadServer->startServer : LiveReload server is running on port 35729
2020-09-18 22:49:32.292  INFO LAPTOP-OLKL11B1 --- [  restartedMain] xport.annotation.AnnotationMBeanExporter->afterSingletonsInstantiated : Registering beans for JMX exposure on startup
2020-09-18 22:49:32.324  INFO LAPTOP-OLKL11B1 --- [  restartedMain] g.apache.coyote.http11.Http11NioProtocol->log : Initializing ProtocolHandler ["http-nio-8080"]
2020-09-18 22:49:32.344  INFO LAPTOP-OLKL11B1 --- [  restartedMain] g.apache.coyote.http11.Http11NioProtocol->log : Starting ProtocolHandler [http-nio-8080]
2020-09-18 22:49:32.438  INFO LAPTOP-OLKL11B1 --- [  restartedMain] g.apache.tomcat.util.net.NioSelectorPool->log : Using a shared selector for servlet write/read
2020-09-18 22:49:32.476  INFO LAPTOP-OLKL11B1 --- [  restartedMain] ed.tomcat.TomcatEmbeddedServletContainer->start : Tomcat started on port(s): 8080 (http)
2020-09-18 22:49:32.525  INFO LAPTOP-OLKL11B1 --- [  restartedMain] com.example.repository.DbInit           ->run : ****** db init initiated ******
2020-09-18 22:49:33.827  INFO LAPTOP-OLKL11B1 --- [  restartedMain] com.example.repository.UserRepository   ->save : user : User [id=null, username=admin, password=$2a$10$56TQG6P7M8TeMkDuq/nQKexyNlNB.d2ty8dz/9W.OkncDfKOZdnRe, passwordConfirm=null, roles=[Role [id=null, name=ROLE_MANAGER, status=null], Role [id=null, name=ROLE_ADMIN, status=null], Role [id=null, name=ROLE_USER, status=null]]] 
2020-09-18 22:49:34.114  INFO LAPTOP-OLKL11B1 --- [  restartedMain] com.example.repository.UserRepository   ->findByUsername : user : User [id=10, username=admin, password=$2a$10$TWw7vHj.EocEVlC5kVaOSu3O7xmfblrrTHfpp9dH.1z.v8Nf1.h3y, passwordConfirm=null, roles=[]] 
2020-09-18 22:49:34.370  INFO LAPTOP-OLKL11B1 --- [  restartedMain] com.example.repository.RoleRepository   ->findByUserId : roles : [Role [id=11, name=ROLE_ADMIN, status=null], Role [id=12, name=ROLE_MANAGER, status=null], Role [id=13, name=ROLE_USER, status=null]] 
2020-09-18 22:49:34.371  INFO LAPTOP-OLKL11B1 --- [  restartedMain] com.example.repository.UserRepository   ->findByUsername : roles : [Role [id=11, name=ROLE_ADMIN, status=null], Role [id=12, name=ROLE_MANAGER, status=null], Role [id=13, name=ROLE_USER, status=null]] 
2020-09-18 22:49:34.446  INFO LAPTOP-OLKL11B1 --- [  restartedMain] com.example.repository.UserRepository   ->findByUsername : user : User [id=10, username=admin, password=$2a$10$TWw7vHj.EocEVlC5kVaOSu3O7xmfblrrTHfpp9dH.1z.v8Nf1.h3y, passwordConfirm=null, roles=[Role [id=12, name=ROLE_MANAGER, status=null], Role [id=11, name=ROLE_ADMIN, status=null], Role [id=13, name=ROLE_USER, status=null]]] 
2020-09-18 22:49:34.446  INFO LAPTOP-OLKL11B1 --- [  restartedMain] com.example.repository.UserRepository   ->save : exUser : User [id=10, username=admin, password=$2a$10$TWw7vHj.EocEVlC5kVaOSu3O7xmfblrrTHfpp9dH.1z.v8Nf1.h3y, passwordConfirm=null, roles=[Role [id=12, name=ROLE_MANAGER, status=null], Role [id=11, name=ROLE_ADMIN, status=null], Role [id=13, name=ROLE_USER, status=null]]] 
2020-09-18 22:49:34.448  INFO LAPTOP-OLKL11B1 --- [  restartedMain] com.example.repository.DbInit           ->run : userId : 10
2020-09-18 22:49:34.449  INFO LAPTOP-OLKL11B1 --- [  restartedMain] com.example.repository.DbInit           ->run : ****** db init ended ******
2020-09-18 22:49:34.451  INFO LAPTOP-OLKL11B1 --- [  restartedMain] com.example.SpringbootTilesApplication  ->logStarted : Started SpringbootTilesApplication in 11.868 seconds (JVM running for 16.019)
2020-09-18 22:59:03.162  INFO LAPTOP-OLKL11B1 --- [on(3)-127.0.0.1] inMXBeanRegistrar$SpringApplicationAdmin->shutdown : Application shutdown requested.
2020-09-18 22:59:03.162  INFO LAPTOP-OLKL11B1 --- [on(4)-127.0.0.1] inMXBeanRegistrar$SpringApplicationAdmin->shutdown : Application shutdown requested.
2020-09-18 22:59:03.163  INFO LAPTOP-OLKL11B1 --- [on(3)-127.0.0.1] ationConfigEmbeddedWebApplicationContext->doClose : Closing org.springframework.boot.context.embedded.AnnotationConfigEmbeddedWebApplicationContext@152a3dd4: startup date [Fri Sep 18 22:49:23 IST 2020]; root of context hierarchy
2020-09-18 22:59:03.168  INFO LAPTOP-OLKL11B1 --- [on(3)-127.0.0.1] xport.annotation.AnnotationMBeanExporter->destroy : Unregistering JMX-exposed beans on shutdown
2020-09-18 22:59:03.171  INFO LAPTOP-OLKL11B1 --- [on(3)-127.0.0.1] org.apache.tiles.access.TilesAccess     ->setContainer : Removing TilesContext for context: org.springframework.web.servlet.view.tiles3.SpringWildcardServletTilesApplicationContext
