2020-09-13 00:03:46.647 ERROR LAPTOP-OLKL11B1 --- [  restartedMain] .boot.logging.LoggingApplicationListener->setLogLevel : Cannot set level: INFO    for 'org.springframework.web.FilterChainProxy'
2020-09-13 00:03:46.864  INFO LAPTOP-OLKL11B1 --- [  restartedMain] com.example.SpringbootTilesApplication  ->logStarting : Starting SpringbootTilesApplication on LAPTOP-OLKL11B1 with PID 14140 (started by Harshad in F:\Programming Data\CodingData\Workspaces\spring-tool-suite-4-4.6.0.RELEASE\cair_event\springboot-tiles)
2020-09-13 00:03:46.865 DEBUG LAPTOP-OLKL11B1 --- [  restartedMain] com.example.SpringbootTilesApplication  ->logStarting : Running with Spring Boot v1.5.1.RELEASE, Spring v4.3.6.RELEASE
2020-09-13 00:03:46.881  INFO LAPTOP-OLKL11B1 --- [  restartedMain] com.example.SpringbootTilesApplication  ->logStartupProfileInfo : No active profile set, falling back to default profiles: default
2020-09-13 00:03:46.934  INFO LAPTOP-OLKL11B1 --- [  restartedMain] ationConfigEmbeddedWebApplicationContext->prepareRefresh : Refreshing org.springframework.boot.context.embedded.AnnotationConfigEmbeddedWebApplicationContext@47aff04: startup date [Sun Sep 13 00:03:46 IST 2020]; root of context hierarchy
2020-09-13 00:03:47.143  INFO LAPTOP-OLKL11B1 --- [kground-preinit] ibernate.validator.internal.util.Version-><clinit> : HV000001: Hibernate Validator 5.3.4.Final
2020-09-13 00:03:48.250  INFO LAPTOP-OLKL11B1 --- [  restartedMain] trationDelegate$BeanPostProcessorChecker->postProcessAfterInitialization : Bean 'org.springframework.boot.autoconfigure.validation.ValidationAutoConfiguration' of type [class org.springframework.boot.autoconfigure.validation.ValidationAutoConfiguration] is not eligible for getting processed by all BeanPostProcessors (for example: not eligible for auto-proxying)
2020-09-13 00:03:48.347  INFO LAPTOP-OLKL11B1 --- [  restartedMain] trationDelegate$BeanPostProcessorChecker->postProcessAfterInitialization : Bean 'validator' of type [class org.springframework.validation.beanvalidation.LocalValidatorFactoryBean] is not eligible for getting processed by all BeanPostProcessors (for example: not eligible for auto-proxying)
2020-09-13 00:03:48.388  INFO LAPTOP-OLKL11B1 --- [  restartedMain] trationDelegate$BeanPostProcessorChecker->postProcessAfterInitialization : Bean 'org.springframework.transaction.annotation.ProxyTransactionManagementConfiguration' of type [class org.springframework.transaction.annotation.ProxyTransactionManagementConfiguration$$EnhancerBySpringCGLIB$$452c84df] is not eligible for getting processed by all BeanPostProcessors (for example: not eligible for auto-proxying)
2020-09-13 00:03:48.827  INFO LAPTOP-OLKL11B1 --- [  restartedMain] ed.tomcat.TomcatEmbeddedServletContainer->initialize : Tomcat initialized with port(s): 8080 (http)
2020-09-13 00:03:48.852  INFO LAPTOP-OLKL11B1 --- [  restartedMain] org.apache.catalina.core.StandardService->log : Starting service Tomcat
2020-09-13 00:03:48.853  INFO LAPTOP-OLKL11B1 --- [  restartedMain] org.apache.catalina.core.StandardEngine ->log : Starting Servlet Engine: Apache Tomcat/8.5.11
2020-09-13 00:03:49.347  INFO LAPTOP-OLKL11B1 --- [ost-startStop-1] org.apache.jasper.servlet.TldScanner    ->log : At least one JAR was scanned for TLDs yet contained no TLDs. Enable debug logging for this logger for a complete list of JARs that were scanned but no TLDs were found in them. Skipping unneeded JARs during scanning can improve startup time and JSP compilation time.
2020-09-13 00:03:49.355  INFO LAPTOP-OLKL11B1 --- [ost-startStop-1] e.ContainerBase.[Tomcat].[localhost].[/]->log : Initializing Spring embedded WebApplicationContext
2020-09-13 00:03:49.355  INFO LAPTOP-OLKL11B1 --- [ost-startStop-1] pringframework.web.context.ContextLoader->prepareEmbeddedWebApplicationContext : Root WebApplicationContext: initialization completed in 2424 ms
2020-09-13 00:03:49.606  INFO LAPTOP-OLKL11B1 --- [ost-startStop-1] .boot.web.servlet.FilterRegistrationBean->configure : Mapping filter: 'errorPageFilter' to: [/*]
2020-09-13 00:03:49.606  INFO LAPTOP-OLKL11B1 --- [ost-startStop-1] .boot.web.servlet.FilterRegistrationBean->configure : Mapping filter: 'characterEncodingFilter' to: [/*]
2020-09-13 00:03:49.607  INFO LAPTOP-OLKL11B1 --- [ost-startStop-1] .boot.web.servlet.FilterRegistrationBean->configure : Mapping filter: 'hiddenHttpMethodFilter' to: [/*]
2020-09-13 00:03:49.607  INFO LAPTOP-OLKL11B1 --- [ost-startStop-1] .boot.web.servlet.FilterRegistrationBean->configure : Mapping filter: 'httpPutFormContentFilter' to: [/*]
2020-09-13 00:03:49.607  INFO LAPTOP-OLKL11B1 --- [ost-startStop-1] .boot.web.servlet.FilterRegistrationBean->configure : Mapping filter: 'requestContextFilter' to: [/*]
2020-09-13 00:03:49.609  INFO LAPTOP-OLKL11B1 --- [ost-startStop-1] et.DelegatingFilterProxyRegistrationBean->configure : Mapping filter: 'springSecurityFilterChain' to: [/*]
2020-09-13 00:03:49.610  INFO LAPTOP-OLKL11B1 --- [ost-startStop-1] boot.web.servlet.ServletRegistrationBean->onStartup : Mapping servlet: 'dispatcherServlet' to [/]
2020-09-13 00:03:50.820  INFO LAPTOP-OLKL11B1 --- [  restartedMain] le.config.security.SecurityConfiguration->configure : role based configuration
2020-09-13 00:03:50.850  INFO LAPTOP-OLKL11B1 --- [  restartedMain] .security.web.DefaultSecurityFilterChain-><init> : Creating filter chain: Ant [pattern='/api/public/**'], []
2020-09-13 00:03:50.851  INFO LAPTOP-OLKL11B1 --- [  restartedMain] .security.web.DefaultSecurityFilterChain-><init> : Creating filter chain: Ant [pattern='/resources/**'], []
2020-09-13 00:03:50.851  INFO LAPTOP-OLKL11B1 --- [  restartedMain] .security.web.DefaultSecurityFilterChain-><init> : Creating filter chain: Ant [pattern='/static/images/**'], []
2020-09-13 00:03:50.851  INFO LAPTOP-OLKL11B1 --- [  restartedMain] .security.web.DefaultSecurityFilterChain-><init> : Creating filter chain: Ant [pattern='/error'], []
2020-09-13 00:03:50.963  INFO LAPTOP-OLKL11B1 --- [  restartedMain] .security.web.DefaultSecurityFilterChain-><init> : Creating filter chain: org.springframework.security.web.util.matcher.AnyRequestMatcher@1, [org.springframework.security.web.context.request.async.WebAsyncManagerIntegrationFilter@6f39bffb, org.springframework.security.web.context.SecurityContextPersistenceFilter@7b6950a2, org.springframework.security.web.header.HeaderWriterFilter@1e4c898c, org.springframework.security.web.csrf.CsrfFilter@9d1bbe5, org.springframework.security.web.authentication.logout.LogoutFilter@54ca5f98, org.springframework.security.web.authentication.UsernamePasswordAuthenticationFilter@1264ee34, org.springframework.security.web.savedrequest.RequestCacheAwareFilter@61fbcc25, org.springframework.security.web.servletapi.SecurityContextHolderAwareRequestFilter@566cf2b5, org.springframework.security.web.authentication.AnonymousAuthenticationFilter@3f90aaae, org.springframework.security.web.session.SessionManagementFilter@3b235b70, org.springframework.security.web.access.ExceptionTranslationFilter@af0fb49, org.springframework.security.web.access.intercept.FilterSecurityInterceptor@2d30ae67]
2020-09-13 00:03:51.077  INFO LAPTOP-OLKL11B1 --- [  restartedMain] org.apache.tiles.access.TilesAccess     ->setContainer : Publishing TilesContext for context: org.springframework.web.servlet.view.tiles3.SpringWildcardServletTilesApplicationContext
2020-09-13 00:03:51.167  INFO LAPTOP-OLKL11B1 --- [  restartedMain] .annotation.RequestMappingHandlerAdapter->initControllerAdviceCache : Looking for @ControllerAdvice: org.springframework.boot.context.embedded.AnnotationConfigEmbeddedWebApplicationContext@47aff04: startup date [Sun Sep 13 00:03:46 IST 2020]; root of context hierarchy
2020-09-13 00:03:51.252  INFO LAPTOP-OLKL11B1 --- [  restartedMain] .annotation.RequestMappingHandlerMapping->register : Mapped "{[/admin/panel/registration],methods=[GET]}" onto public java.lang.String com.example.controller.AdminUserController.registration(org.springframework.ui.Model)
2020-09-13 00:03:51.254  INFO LAPTOP-OLKL11B1 --- [  restartedMain] .annotation.RequestMappingHandlerMapping->register : Mapped "{[/admin/panel/registration],methods=[POST]}" onto public java.lang.String com.example.controller.AdminUserController.registration(com.example.model.User,org.springframework.validation.BindingResult)
2020-09-13 00:03:51.254  INFO LAPTOP-OLKL11B1 --- [  restartedMain] .annotation.RequestMappingHandlerMapping->register : Mapped "{[/admin/panel/login],methods=[GET]}" onto public java.lang.String com.example.controller.AdminUserController.login(org.springframework.ui.Model,java.lang.String,java.lang.String)
2020-09-13 00:03:51.255  INFO LAPTOP-OLKL11B1 --- [  restartedMain] .annotation.RequestMappingHandlerMapping->register : Mapped "{[/ || /home],methods=[GET]}" onto public org.springframework.web.servlet.ModelAndView com.example.controller.DashboardController.gridViewEvent(java.lang.String)
2020-09-13 00:03:51.258  INFO LAPTOP-OLKL11B1 --- [  restartedMain] .annotation.RequestMappingHandlerMapping->register : Mapped "{[/createEvent],methods=[POST]}" onto public org.springframework.web.servlet.ModelAndView com.example.controller.EventController.createEvent(javax.servlet.http.HttpServletRequest,com.example.model.Event)
2020-09-13 00:03:51.258  INFO LAPTOP-OLKL11B1 --- [  restartedMain] .annotation.RequestMappingHandlerMapping->register : Mapped "{[/deleteEventImage/{id}/{imageId}],methods=[GET]}" onto public org.springframework.web.servlet.ModelAndView com.example.controller.EventController.deleteEventImage(long,long)
2020-09-13 00:03:51.259  INFO LAPTOP-OLKL11B1 --- [  restartedMain] .annotation.RequestMappingHandlerMapping->register : Mapped "{[/updateEvent],methods=[POST]}" onto public org.springframework.web.servlet.ModelAndView com.example.controller.EventController.updateEvent(javax.servlet.http.HttpServletRequest,com.example.model.Event)
2020-09-13 00:03:51.259  INFO LAPTOP-OLKL11B1 --- [  restartedMain] .annotation.RequestMappingHandlerMapping->register : Mapped "{[/deleteEvent/{id}],methods=[GET]}" onto public org.springframework.web.servlet.ModelAndView com.example.controller.EventController.deleteEvent(long)
2020-09-13 00:03:51.259  INFO LAPTOP-OLKL11B1 --- [  restartedMain] .annotation.RequestMappingHandlerMapping->register : Mapped "{[/getEvent/{id}],methods=[GET]}" onto public org.springframework.web.servlet.ModelAndView com.example.controller.EventController.getEvent(long,java.lang.String)
2020-09-13 00:03:51.260  INFO LAPTOP-OLKL11B1 --- [  restartedMain] .annotation.RequestMappingHandlerMapping->register : Mapped "{[/createEvent],methods=[GET]}" onto public java.lang.String com.example.controller.EventController.getEvent(org.springframework.ui.Model)
2020-09-13 00:03:51.260  INFO LAPTOP-OLKL11B1 --- [  restartedMain] .annotation.RequestMappingHandlerMapping->register : Mapped "{[/gridViewEvent],methods=[GET]}" onto public org.springframework.web.servlet.ModelAndView com.example.controller.EventController.gridViewEvent(java.lang.String)
2020-09-13 00:03:51.261  INFO LAPTOP-OLKL11B1 --- [  restartedMain] .annotation.RequestMappingHandlerMapping->register : Mapped "{[/error]}" onto public java.lang.String com.example.controller.MyErrorController.handleError(javax.servlet.http.HttpServletRequest)
2020-09-13 00:03:51.263  INFO LAPTOP-OLKL11B1 --- [  restartedMain] .annotation.RequestMappingHandlerMapping->register : Mapped "{[/createSpecialityCaptcha],methods=[GET]}" onto public java.lang.String com.example.controller.SpecialityCaptchaController.getCreateSpecialityCaptchat(org.springframework.ui.Model)
2020-09-13 00:03:51.264  INFO LAPTOP-OLKL11B1 --- [  restartedMain] .annotation.RequestMappingHandlerMapping->register : Mapped "{[/getSpecialityCaptcha/{id}],methods=[GET]}" onto public org.springframework.web.servlet.ModelAndView com.example.controller.SpecialityCaptchaController.getSpecialityCaptcha(long)
2020-09-13 00:03:51.264  INFO LAPTOP-OLKL11B1 --- [  restartedMain] .annotation.RequestMappingHandlerMapping->register : Mapped "{[/createSpecialityCaptcha],methods=[POST]}" onto public org.springframework.web.servlet.ModelAndView com.example.controller.SpecialityCaptchaController.createSpecialityCaptcha(javax.servlet.http.HttpServletRequest,com.example.model.SpecialityCaptcha,org.springframework.validation.BindingResult)
2020-09-13 00:03:51.264  INFO LAPTOP-OLKL11B1 --- [  restartedMain] .annotation.RequestMappingHandlerMapping->register : Mapped "{[/gridViewSpecialityCaptcha],methods=[GET]}" onto public org.springframework.web.servlet.ModelAndView com.example.controller.SpecialityCaptchaController.gridViewSpecialityCaptcha(java.lang.String)
2020-09-13 00:03:51.265  INFO LAPTOP-OLKL11B1 --- [  restartedMain] .annotation.RequestMappingHandlerMapping->register : Mapped "{[/deleteSpecialityCaptcha/{id}],methods=[GET]}" onto public org.springframework.web.servlet.ModelAndView com.example.controller.SpecialityCaptchaController.deleteSpecialityCaptcha(long)
2020-09-13 00:03:51.265  INFO LAPTOP-OLKL11B1 --- [  restartedMain] .annotation.RequestMappingHandlerMapping->register : Mapped "{[/updateSpecialityCaptcha],methods=[POST]}" onto public org.springframework.web.servlet.ModelAndView com.example.controller.SpecialityCaptchaController.updateSpecialityCaptcha(javax.servlet.http.HttpServletRequest,com.example.model.SpecialityCaptcha,org.springframework.validation.BindingResult)
2020-09-13 00:03:51.267  INFO LAPTOP-OLKL11B1 --- [  restartedMain] .annotation.RequestMappingHandlerMapping->register : Mapped "{[/getSpeciality/{id}],methods=[GET]}" onto public org.springframework.web.servlet.ModelAndView com.example.controller.SpecialityController.getSpecialityById(long)
2020-09-13 00:03:51.268  INFO LAPTOP-OLKL11B1 --- [  restartedMain] .annotation.RequestMappingHandlerMapping->register : Mapped "{[/gridViewSpeciality],methods=[GET]}" onto public org.springframework.web.servlet.ModelAndView com.example.controller.SpecialityController.gridViewSpeciality(java.lang.String)
2020-09-13 00:03:51.268  INFO LAPTOP-OLKL11B1 --- [  restartedMain] .annotation.RequestMappingHandlerMapping->register : Mapped "{[/deleteSpeciality/{id}],methods=[GET]}" onto public org.springframework.web.servlet.ModelAndView com.example.controller.SpecialityController.deleteSpecialityId(long)
2020-09-13 00:03:51.269  INFO LAPTOP-OLKL11B1 --- [  restartedMain] .annotation.RequestMappingHandlerMapping->register : Mapped "{[/createSpeciality],methods=[GET]}" onto public java.lang.String com.example.controller.SpecialityController.getSpeciality(org.springframework.ui.Model)
2020-09-13 00:03:51.270  INFO LAPTOP-OLKL11B1 --- [  restartedMain] .annotation.RequestMappingHandlerMapping->register : Mapped "{[/createSpeciality],methods=[POST]}" onto public org.springframework.web.servlet.ModelAndView com.example.controller.SpecialityController.createSpeciality(com.example.model.Speciality,org.springframework.validation.BindingResult)
2020-09-13 00:03:51.270  INFO LAPTOP-OLKL11B1 --- [  restartedMain] .annotation.RequestMappingHandlerMapping->register : Mapped "{[/updateSpeciality],methods=[POST]}" onto public org.springframework.web.servlet.ModelAndView com.example.controller.SpecialityController.updateSpeciality(com.example.model.Speciality,org.springframework.validation.BindingResult)
2020-09-13 00:03:51.279  INFO LAPTOP-OLKL11B1 --- [  restartedMain] .annotation.RequestMappingHandlerMapping->register : Mapped "{[/api/public/specialityCaptcha],methods=[GET],produces=[application/json]}" onto public org.springframework.http.ResponseEntity<com.example.model.StandardResponse> com.example.rest.controller.PublicRestApiController.getSpecialityCaptcha(java.lang.Long) throws java.lang.Exception
2020-09-13 00:03:51.280  INFO LAPTOP-OLKL11B1 --- [  restartedMain] .annotation.RequestMappingHandlerMapping->register : Mapped "{[/api/public/client/registration/{id}],methods=[GET],produces=[application/json]}" onto public org.springframework.http.ResponseEntity<com.example.model.StandardResponse> com.example.rest.controller.PublicRestApiController.createClientRegistration(long) throws java.lang.Exception
2020-09-13 00:03:51.281  INFO LAPTOP-OLKL11B1 --- [  restartedMain] .annotation.RequestMappingHandlerMapping->register : Mapped "{[/api/public/client/registration],methods=[POST],consumes=[application/json],produces=[application/json]}" onto public org.springframework.http.ResponseEntity<com.example.model.StandardResponse> com.example.rest.controller.PublicRestApiController.createClientRegistration(com.example.model.ClientRegistration)
2020-09-13 00:03:51.282  INFO LAPTOP-OLKL11B1 --- [  restartedMain] .annotation.RequestMappingHandlerMapping->register : Mapped "{[/api/public/speciality],methods=[GET],produces=[application/json]}" onto public org.springframework.http.ResponseEntity<com.example.model.StandardResponse> com.example.rest.controller.PublicRestApiController.findAll() throws java.lang.Exception
2020-09-13 00:03:51.283  INFO LAPTOP-OLKL11B1 --- [  restartedMain] .annotation.RequestMappingHandlerMapping->register : Mapped "{[/api/public/shareEvent],methods=[POST],consumes=[application/json],produces=[application/json]}" onto public org.springframework.http.ResponseEntity<com.example.model.StandardResponse> com.example.rest.controller.PublicRestApiController.createShareEvent(com.example.model.ClientEventShare)
2020-09-13 00:03:51.284  INFO LAPTOP-OLKL11B1 --- [  restartedMain] .annotation.RequestMappingHandlerMapping->register : Mapped "{[/api/public/events],methods=[GET],produces=[application/json]}" onto public org.springframework.http.ResponseEntity<com.example.model.StandardResponse> com.example.rest.controller.PublicRestApiController.getEvents(java.lang.String,java.lang.String) throws java.lang.Exception
2020-09-13 00:03:51.334  INFO LAPTOP-OLKL11B1 --- [  restartedMain] .servlet.handler.SimpleUrlHandlerMapping->registerHandler : Mapped URL path [/webjars/**] onto handler of type [class org.springframework.web.servlet.resource.ResourceHttpRequestHandler]
2020-09-13 00:03:51.334  INFO LAPTOP-OLKL11B1 --- [  restartedMain] .servlet.handler.SimpleUrlHandlerMapping->registerHandler : Mapped URL path [/**] onto handler of type [class org.springframework.web.servlet.resource.ResourceHttpRequestHandler]
2020-09-13 00:03:51.383  INFO LAPTOP-OLKL11B1 --- [  restartedMain] .servlet.handler.SimpleUrlHandlerMapping->registerHandler : Mapped URL path [/**/favicon.ico] onto handler of type [class org.springframework.web.servlet.resource.ResourceHttpRequestHandler]
2020-09-13 00:03:52.217  INFO LAPTOP-OLKL11B1 --- [  restartedMain] s.autoconfigure.OptionalLiveReloadServer->startServer : LiveReload server is running on port 35729
2020-09-13 00:03:52.293  INFO LAPTOP-OLKL11B1 --- [  restartedMain] xport.annotation.AnnotationMBeanExporter->afterSingletonsInstantiated : Registering beans for JMX exposure on startup
2020-09-13 00:03:52.324  INFO LAPTOP-OLKL11B1 --- [  restartedMain] g.apache.coyote.http11.Http11NioProtocol->log : Initializing ProtocolHandler ["http-nio-8080"]
2020-09-13 00:03:52.337  INFO LAPTOP-OLKL11B1 --- [  restartedMain] g.apache.coyote.http11.Http11NioProtocol->log : Starting ProtocolHandler [http-nio-8080]
2020-09-13 00:03:52.354  INFO LAPTOP-OLKL11B1 --- [  restartedMain] g.apache.tomcat.util.net.NioSelectorPool->log : Using a shared selector for servlet write/read
2020-09-13 00:03:52.388  INFO LAPTOP-OLKL11B1 --- [  restartedMain] ed.tomcat.TomcatEmbeddedServletContainer->start : Tomcat started on port(s): 8080 (http)
2020-09-13 00:03:52.399  INFO LAPTOP-OLKL11B1 --- [  restartedMain] com.example.repository.DbInit           ->run : ****** db init initiated ******
2020-09-13 00:03:53.257  INFO LAPTOP-OLKL11B1 --- [  restartedMain] com.example.repository.UserRepository   ->save : user : User [id=null, username=admin, password=$2a$10$VgbcZlf.KQRKavLpGyRqTOS6bz5MbxTxaPUjX5Bc1FiheqdeNdRDS, passwordConfirm=null, roles=[Role [id=null, name=ROLE_MANAGER, status=null], Role [id=null, name=ROLE_USER, status=null], Role [id=null, name=ROLE_ADMIN, status=null]]] 
2020-09-13 00:03:53.280  INFO LAPTOP-OLKL11B1 --- [  restartedMain] com.example.repository.UserRepository   ->findByUsername : user : User [id=10, username=admin, password=$2a$10$TWw7vHj.EocEVlC5kVaOSu3O7xmfblrrTHfpp9dH.1z.v8Nf1.h3y, passwordConfirm=null, roles=[]] 
2020-09-13 00:03:53.287  INFO LAPTOP-OLKL11B1 --- [  restartedMain] com.example.repository.RoleRepository   ->findByUserId : roles : [Role [id=11, name=ROLE_ADMIN, status=null], Role [id=12, name=ROLE_MANAGER, status=null], Role [id=13, name=ROLE_USER, status=null]] 
2020-09-13 00:03:53.287  INFO LAPTOP-OLKL11B1 --- [  restartedMain] com.example.repository.UserRepository   ->findByUsername : roles : [Role [id=11, name=ROLE_ADMIN, status=null], Role [id=12, name=ROLE_MANAGER, status=null], Role [id=13, name=ROLE_USER, status=null]] 
2020-09-13 00:03:53.297  INFO LAPTOP-OLKL11B1 --- [  restartedMain] com.example.repository.UserRepository   ->findByUsername : user : User [id=10, username=admin, password=$2a$10$TWw7vHj.EocEVlC5kVaOSu3O7xmfblrrTHfpp9dH.1z.v8Nf1.h3y, passwordConfirm=null, roles=[Role [id=13, name=ROLE_USER, status=null], Role [id=11, name=ROLE_ADMIN, status=null], Role [id=12, name=ROLE_MANAGER, status=null]]] 
2020-09-13 00:03:53.297  INFO LAPTOP-OLKL11B1 --- [  restartedMain] com.example.repository.UserRepository   ->save : exUser : User [id=10, username=admin, password=$2a$10$TWw7vHj.EocEVlC5kVaOSu3O7xmfblrrTHfpp9dH.1z.v8Nf1.h3y, passwordConfirm=null, roles=[Role [id=13, name=ROLE_USER, status=null], Role [id=11, name=ROLE_ADMIN, status=null], Role [id=12, name=ROLE_MANAGER, status=null]]] 
2020-09-13 00:03:53.299  INFO LAPTOP-OLKL11B1 --- [  restartedMain] com.example.repository.DbInit           ->run : userId : 10
2020-09-13 00:03:53.299  INFO LAPTOP-OLKL11B1 --- [  restartedMain] com.example.repository.DbInit           ->run : ****** db init ended ******
2020-09-13 00:03:53.301  INFO LAPTOP-OLKL11B1 --- [  restartedMain] com.example.SpringbootTilesApplication  ->logStarted : Started SpringbootTilesApplication in 6.796 seconds (JVM running for 8.342)
2020-09-13 00:04:06.918  INFO LAPTOP-OLKL11B1 --- [nio-8080-exec-1] e.ContainerBase.[Tomcat].[localhost].[/]->log : Initializing Spring FrameworkServlet 'dispatcherServlet'
2020-09-13 00:04:06.919  INFO LAPTOP-OLKL11B1 --- [nio-8080-exec-1] gframework.web.servlet.DispatcherServlet->initServletBean : FrameworkServlet 'dispatcherServlet': initialization started
2020-09-13 00:04:06.942  INFO LAPTOP-OLKL11B1 --- [nio-8080-exec-1] gframework.web.servlet.DispatcherServlet->initServletBean : FrameworkServlet 'dispatcherServlet': initialization completed in 23 ms
2020-09-13 00:04:06.993  INFO LAPTOP-OLKL11B1 --- [nio-8080-exec-1] com.example.controller.MyErrorController->handleError : request.getRequestURI() : /error
2020-09-13 00:04:06.993  INFO LAPTOP-OLKL11B1 --- [nio-8080-exec-1] com.example.controller.MyErrorController->handleError : requestUri : /springboot-tiles/admin/panel/login
2020-09-13 00:04:06.993  INFO LAPTOP-OLKL11B1 --- [nio-8080-exec-1] com.example.controller.MyErrorController->handleError : status : 403
2020-09-13 00:04:07.053  INFO LAPTOP-OLKL11B1 --- [nio-8080-exec-2] m.example.controller.AdminUserController->login : get admin panel login page
2020-09-13 00:04:12.745  INFO LAPTOP-OLKL11B1 --- [nio-8080-exec-1] mple.auth.service.UserDetailsServiceImpl->loadUserByUsername : username : admin
2020-09-13 00:04:12.749  INFO LAPTOP-OLKL11B1 --- [nio-8080-exec-1] com.example.repository.UserRepository   ->findByUsername : user : User [id=10, username=admin, password=$2a$10$TWw7vHj.EocEVlC5kVaOSu3O7xmfblrrTHfpp9dH.1z.v8Nf1.h3y, passwordConfirm=null, roles=[]] 
2020-09-13 00:04:12.750  INFO LAPTOP-OLKL11B1 --- [nio-8080-exec-1] com.example.repository.RoleRepository   ->findByUserId : roles : [Role [id=11, name=ROLE_ADMIN, status=null], Role [id=12, name=ROLE_MANAGER, status=null], Role [id=13, name=ROLE_USER, status=null]] 
2020-09-13 00:04:12.750  INFO LAPTOP-OLKL11B1 --- [nio-8080-exec-1] com.example.repository.UserRepository   ->findByUsername : roles : [Role [id=11, name=ROLE_ADMIN, status=null], Role [id=12, name=ROLE_MANAGER, status=null], Role [id=13, name=ROLE_USER, status=null]] 
2020-09-13 00:04:12.751  INFO LAPTOP-OLKL11B1 --- [nio-8080-exec-1] com.example.repository.UserRepository   ->findByUsername : user : User [id=10, username=admin, password=$2a$10$TWw7vHj.EocEVlC5kVaOSu3O7xmfblrrTHfpp9dH.1z.v8Nf1.h3y, passwordConfirm=null, roles=[Role [id=13, name=ROLE_USER, status=null], Role [id=12, name=ROLE_MANAGER, status=null], Role [id=11, name=ROLE_ADMIN, status=null]]] 
2020-09-13 00:04:12.964  INFO LAPTOP-OLKL11B1 --- [nio-8080-exec-2] m.example.controller.AdminUserController->gridViewEvent : get dashboard page
2020-09-13 00:04:12.980  INFO LAPTOP-OLKL11B1 --- [nio-8080-exec-2] .example.repository.EventShareRepository->findAll : eventShares : [EventShare [eventShareId=1, eventId=19, clientId=11, drName=Dinesh, eventName=Diwali2, eventDate=2020-10-01, eventShareDate=2020-09-11, eventShareCount=4], EventShare [eventShareId=6, eventId=19, clientId=11, drName=Dinesh, eventName=Diwali2, eventDate=2020-10-01, eventShareDate=2020-09-10, eventShareCount=1]] 
2020-09-13 00:04:14.915  INFO LAPTOP-OLKL11B1 --- [io-8080-exec-10] m.example.controller.AdminUserController->login : get admin panel login page
2020-09-13 00:04:41.215  INFO LAPTOP-OLKL11B1 --- [nio-8080-exec-2] m.example.controller.AdminUserController->login : get admin panel login page
2020-09-13 00:04:43.784  INFO LAPTOP-OLKL11B1 --- [nio-8080-exec-3] m.example.controller.AdminUserController->registration : get admin panel user registration page
2020-09-13 19:26:32.053  INFO LAPTOP-OLKL11B1 --- [on(4)-127.0.0.1] inMXBeanRegistrar$SpringApplicationAdmin->shutdown : Application shutdown requested.
2020-09-13 19:26:32.053  INFO LAPTOP-OLKL11B1 --- [on(4)-127.0.0.1] ationConfigEmbeddedWebApplicationContext->doClose : Closing org.springframework.boot.context.embedded.AnnotationConfigEmbeddedWebApplicationContext@47aff04: startup date [Sun Sep 13 00:03:46 IST 2020]; root of context hierarchy
2020-09-13 19:26:32.056  INFO LAPTOP-OLKL11B1 --- [on(4)-127.0.0.1] xport.annotation.AnnotationMBeanExporter->destroy : Unregistering JMX-exposed beans on shutdown
2020-09-13 19:26:32.057  INFO LAPTOP-OLKL11B1 --- [on(4)-127.0.0.1] org.apache.tiles.access.TilesAccess     ->setContainer : Removing TilesContext for context: org.springframework.web.servlet.view.tiles3.SpringWildcardServletTilesApplicationContext
